<?xml version="1.0" encoding="utf-8"?><testsuites name="pytest tests"><testsuite name="pytest" errors="0" failures="0" skipped="0" tests="16" time="3.977" timestamp="2026-08-27T13:30:57.511947+00:00" hostname="agent-env-973a596d-1042-4c31-ad66-158b0db3bc8f"><testcase classname="tests.test_email_auth.TestLogin" name="test_login_success_case_insensitive_email" time="0.544" /><testcase classname="tests.test_email_auth.TestSignup" name="test_signup_success_and_normalization" time="0.598" /><testcase classname="tests.test_email_auth.TestLogin" name="test_login_wrong_password" time="0.300" /><testcase classname="tests.test_email_auth.TestSignup" name="test_signup_duplicate_email_case_insensitive" time="0.253" /><testcase classname="tests.test_email_auth.TestLogin" name="test_login_unknown_email_same_message" time="0.170" /><testcase classname="tests.test_email_auth.TestSignup" name="test_signup_password_too_short" time="0.086" /><testcase classname="tests.test_email_auth.TestSignup" name="test_signup_password_too_long" time="0.105" /><testcase classname="tests.test_email_auth.TestLogin" name="test_login_throttle_429" time="1.392" /><testcase classname="tests.test_email_auth.TestSignup" name="test_signup_missing_name" time="0.115" /><testcase classname="tests.test_email_auth.TestSignup" name="test_signup_blank_name_whitespace" time="0.134" /><testcase classname="tests.test_email_auth.TestSignup" name="test_signup_invalid_email" time="0.116" /><testcase classname="tests.test_email_auth.TestSignup" name="test_signup_password_control_chars" time="0.147" /><testcase classname="tests.test_email_auth.TestNewUserBootstrap" name="test_new_user_can_use_app" time="0.795" /><testcase classname="tests.test_email_auth.TestLogin" name="test_login_clears_throttle_on_success" time="0.802" /><testcase classname="tests.test_email_auth.TestRegression" name="test_existing_uitest_token_still_works" time="0.125" /><testcase classname="tests.test_email_auth.TestRegression" name="test_session_expires_at_30_days" time="0.317" /></testsuite></testsuites>