<?xml version="1.0" encoding="utf-8"?><testsuites name="pytest tests"><testsuite name="pytest" errors="0" failures="0" skipped="0" tests="9" time="1.431" timestamp="2026-08-23T07:26:25.481498+00:00" hostname="agent-env-973a596d-1042-4c31-ad66-158b0db3bc8f"><testcase classname="tests.test_focus_history.TestFocusSessionsToday" name="test_requires_auth" time="0.148" /><testcase classname="tests.test_focus_history.TestFocusLockStreak" name="test_first_session_streak_1" time="0.140" /><testcase classname="tests.test_focus_history.TestFocusLockStreak" name="test_second_session_increments_and_best_updates" time="0.170" /><testcase classname="tests.test_focus_history.TestFocusSessionsToday" name="test_bad_token_401" time="0.134" /><testcase classname="tests.test_focus_history.TestFocusSessionsToday" name="test_empty_shape" time="0.083" /><testcase classname="tests.test_focus_history.TestFocusLockStreak" name="test_best_is_max_over_time" time="0.216" /><testcase classname="tests.test_focus_history.TestFocusBreakResetsStreak" name="test_reset_when_alive_tree_killed" time="0.093" /><testcase classname="tests.test_focus_history.TestFocusBreakResetsStreak" name="test_reset_when_tree_already_dead" time="0.098" /><testcase classname="tests.test_focus_history.TestFocusBreakResetsStreak" name="test_focus_break_requires_auth" time="0.102" /></testsuite></testsuites>