<?xml version="1.0" encoding="utf-8"?><testsuites name="pytest tests"><testsuite name="pytest" errors="0" failures="0" skipped="0" tests="4" time="2.878" timestamp="2026-08-23T06:31:08.568051+00:00" hostname="agent-env-973a596d-1042-4c31-ad66-158b0db3bc8f"><testcase classname="tests.test_focus_break.TestFocusBreak" name="test_focus_break_requires_auth" time="1.811" /><testcase classname="tests.test_focus_break.TestFocusBreak" name="test_focus_break_kills_alive_tree" time="0.189" /><testcase classname="tests.test_focus_break.TestFocusBreak" name="test_focus_break_when_already_dead_returns_killed_false" time="0.195" /><testcase classname="tests.test_focus_break.TestFocusBreak" name="test_focus_break_bad_token_returns_401" time="0.094" /></testsuite></testsuites>