<?xml version="1.0" encoding="utf-8"?><testsuites name="pytest tests"><testsuite name="pytest" errors="0" failures="0" skipped="0" tests="21" time="5.019" timestamp="2026-08-25T07:04:39.769274+00:00" hostname="agent-env-973a596d-1042-4c31-ad66-158b0db3bc8f"><testcase classname="tests.test_friends.TestAuthGating" name="test_401_without_auth[get-/friends/me]" time="0.116" /><testcase classname="tests.test_friends.TestAuthGating" name="test_401_without_auth[get-/friends/requests]" time="0.071" /><testcase classname="tests.test_friends.TestAuthGating" name="test_401_without_auth[post-/friends/requests]" time="0.096" /><testcase classname="tests.test_friends.TestAuthGating" name="test_401_without_auth[get-/friends/leaderboard]" time="0.075" /><testcase classname="tests.test_friends.TestAuthGating" name="test_401_without_auth[delete-/friends/ui-test-user]" time="0.071" /><testcase classname="tests.test_friends.TestAuthGating" name="test_401_without_auth[post-/friends/requests/xxx/accept]" time="0.089" /><testcase classname="tests.test_friends.TestFriendsMe" name="test_returns_stable_code_and_qr" time="0.146" /><testcase classname="tests.test_friends.TestFriendRequests" name="test_send_with_raw_code_pending" time="0.356" /><testcase classname="tests.test_friends.TestFriendRequests" name="test_list_requests_shows_incoming_outgoing" time="0.203" /><testcase classname="tests.test_friends.TestFriendRequests" name="test_reverse_request_auto_accepts" time="0.148" /><testcase classname="tests.test_friends.TestFriendRequests" name="test_send_with_qr_payload_prefix" time="0.288" /><testcase classname="tests.test_friends.TestFriendRequests" name="test_unknown_code_404" time="0.073" /><testcase classname="tests.test_friends.TestFriendRequests" name="test_own_code_400" time="0.142" /><testcase classname="tests.test_friends.TestFriendRequests" name="test_already_friends_400" time="0.180" /><testcase classname="tests.test_friends.TestFriendRequests" name="test_invalid_code_length_400" time="0.069" /><testcase classname="tests.test_friends.TestRespondRequest" name="test_accept_creates_link" time="0.492" /><testcase classname="tests.test_friends.TestRespondRequest" name="test_decline_no_link" time="0.476" /><testcase classname="tests.test_friends.TestRespondRequest" name="test_accept_wrong_user_404" time="0.549" /><testcase classname="tests.test_friends.TestRespondRequest" name="test_invalid_action_400" time="0.916" /><testcase classname="tests.test_friends.TestUnfriend" name="test_delete_unlinks_both_directions" time="0.105" /><testcase classname="tests.test_friends.TestLeaderboard" name="test_leaderboard_sorted_and_includes_me" time="0.232" /></testsuite></testsuites>