<?xml version="1.0" encoding="utf-8"?><testsuites name="pytest tests"><testsuite name="pytest" errors="0" failures="0" skipped="0" tests="21" time="5.787" timestamp="2026-08-26T11:15:12.819752+00:00" hostname="agent-env-973a596d-1042-4c31-ad66-158b0db3bc8f"><testcase classname="tests.test_nicknames.TestPatchNickname" name="test_401_unauth" time="0.126" /><testcase classname="tests.test_nicknames.TestPatchNickname" name="test_set_nickname" time="0.087" /><testcase classname="tests.test_nicknames.TestPatchNickname" name="test_clear_nickname_empty_string" time="0.179" /><testcase classname="tests.test_nicknames.TestPatchNickname" name="test_clear_nickname_null" time="0.192" /><testcase classname="tests.test_nicknames.TestPatchNickname" name="test_too_long_422" time="0.106" /><testcase classname="tests.test_nicknames.TestPatchNickname" name="test_exactly_24_ok" time="0.079" /><testcase classname="tests.test_nicknames.TestPatchNickname" name="test_non_friend_404" time="0.102" /><testcase classname="tests.test_nicknames.TestPatchNickname" name="test_other_users_leaderboard_unaffected" time="0.215" /><testcase classname="tests.test_nicknames.TestPatchNickname" name="test_a_leaderboard_shows_nickname" time="0.225" /><testcase classname="tests.test_nicknames.TestPatchNickname" name="test_leaderboard_sort_unchanged" time="0.086" /><testcase classname="tests.test_nicknames.TestSendWithNickname" name="test_response_includes_friend_id_pending" time="0.370" /><testcase classname="tests.test_nicknames.TestSendWithNickname" name="test_pending_stores_from_nickname" time="0.316" /><testcase classname="tests.test_nicknames.TestSendWithNickname" name="test_pending_no_nickname_stores_none" time="0.303" /><testcase classname="tests.test_nicknames.TestSendWithNickname" name="test_nickname_too_long_422" time="0.176" /><testcase classname="tests.test_nicknames.TestSendWithNickname" name="test_reverse_request_instant_accept_applies_both_nicknames" time="0.505" /><testcase classname="tests.test_nicknames.TestAcceptWithNickname" name="test_accept_with_nickname_body" time="0.472" /><testcase classname="tests.test_nicknames.TestAcceptWithNickname" name="test_accept_with_no_body_still_works" time="0.481" /><testcase classname="tests.test_nicknames.TestAcceptWithNickname" name="test_accept_with_empty_json_body" time="0.451" /><testcase classname="tests.test_nicknames.TestAcceptWithNickname" name="test_accept_null_nickname_leaves_null" time="0.514" /><testcase classname="tests.test_nicknames.TestAcceptWithNickname" name="test_decline_still_works_no_body" time="0.572" /><testcase classname="tests.test_nicknames.TestLeaderboardShape" name="test_rows_have_name_real_name_nickname" time="0.098" /></testsuite></testsuites>