<?xml version="1.0" encoding="utf-8"?><testsuites name="pytest tests"><testsuite name="pytest" errors="0" failures="0" skipped="0" tests="16" time="0.873" timestamp="2026-08-25T13:28:40.416798+00:00" hostname="agent-env-973a596d-1042-4c31-ad66-158b0db3bc8f"><testcase classname="tests.test_iteration_22.TestConfigAlignment" name="test_app_json_is_valid_json" time="0.000" /><testcase classname="tests.test_iteration_22.TestSmokeRegression" name="test_plants_current" time="0.277" /><testcase classname="tests.test_iteration_22.TestConfigAlignment" name="test_app_json_name_slug_scheme" time="0.000" /><testcase classname="tests.test_iteration_22.TestConfigAlignment" name="test_app_json_ios_bundle_identifier" time="0.000" /><testcase classname="tests.test_iteration_22.TestConfigAlignment" name="test_app_json_android_package" time="0.000" /><testcase classname="tests.test_iteration_22.TestConfigAlignment" name="test_app_json_android_google_services_file_ref" time="0.000" /><testcase classname="tests.test_iteration_22.TestConfigAlignment" name="test_google_services_package_name_matches_android_package" time="0.000" /><testcase classname="tests.test_iteration_22.TestConfigAlignment" name="test_backend_env_apple_audiences" time="0.000" /><testcase classname="tests.test_iteration_22.TestConfigAlignment" name="test_no_react_native_purchases_plugin" time="0.000" /><testcase classname="tests.test_iteration_22.TestBackendHealth" name="test_root_api_returns_sproutly_message" time="0.268" /><testcase classname="tests.test_iteration_22.TestBackendHealth" name="test_auth_me_with_seeded_token" time="0.045" /><testcase classname="tests.test_iteration_22.TestSmokeRegression" name="test_settings" time="0.083" /><testcase classname="tests.test_iteration_22.TestBackendHealth" name="test_apple_endpoint_rejects_garbage_token" time="0.079" /><testcase classname="tests.test_iteration_22.TestSmokeRegression" name="test_focus_sessions_today" time="0.039" /><testcase classname="tests.test_iteration_22.TestSmokeRegression" name="test_friends_leaderboard" time="0.075" /><testcase classname="tests.test_iteration_22.TestSmokeRegression" name="test_streak_freezes_status" time="0.072" /></testsuite></testsuites>