<?xml version="1.0" encoding="utf-8"?><testsuites name="pytest tests"><testsuite name="pytest" errors="0" failures="0" skipped="0" tests="14" time="2.051" timestamp="2026-08-27T13:31:45.041102+00:00" hostname="agent-env-973a596d-1042-4c31-ad66-158b0db3bc8f"><testcase classname="tests.test_password_leak_check.TestHashedPasswordLeak" name="test_signup_response_no_leak" time="0.241" /><testcase classname="tests.test_password_leak_check.TestRegressionAuthGatedEndpoints" name="test_plants_current" time="0.192" /><testcase classname="tests.test_password_leak_check.TestRegressionAuthGatedEndpoints" name="test_settings" time="0.091" /><testcase classname="tests.test_password_leak_check.TestHashedPasswordLeak" name="test_login_response_no_leak" time="0.262" /><testcase classname="tests.test_password_leak_check.TestRegressionAuthGatedEndpoints" name="test_friends_me" time="0.158" /><testcase classname="tests.test_password_leak_check.TestRegressionAuthGatedEndpoints" name="test_goals_crud" time="0.268" /><testcase classname="tests.test_password_leak_check.TestHashedPasswordLeak" name="test_me_response_no_leak" time="0.413" /><testcase classname="tests.test_password_leak_check.TestPasswordFlowIntegrity" name="test_full_flow_signup_login_wrong_login_delete_token_dies" time="0.413" /><testcase classname="tests.test_password_leak_check.TestHashedPasswordLeak" name="test_me_uitest_token_no_leak" time="0.120" /><testcase classname="tests.test_password_leak_check.TestHashedPasswordLeak" name="test_session_google_bad_id_no_leak" time="0.292" /><testcase classname="tests.test_password_leak_check.TestHashedPasswordLeak" name="test_apple_error_path_no_leak" time="0.134" /><testcase classname="tests.test_password_leak_check.TestHashedPasswordLeak" name="test_stats_no_leak" time="0.079" /><testcase classname="tests.test_password_leak_check.TestHashedPasswordLeak" name="test_friends_me_no_leak" time="0.093" /><testcase classname="tests.test_password_leak_check.TestHashedPasswordLeak" name="test_friends_leaderboard_no_leak" time="0.103" /></testsuite></testsuites>