<?xml version="1.0" encoding="utf-8"?><testsuites name="pytest tests"><testsuite name="pytest" errors="0" failures="0" skipped="0" tests="17" time="2.404" timestamp="2026-08-25T13:17:01.443969+00:00" hostname="agent-env-973a596d-1042-4c31-ad66-158b0db3bc8f"><testcase classname="tests.test_iteration_21.TestRegression" name="test_settings_get" time="0.309" /><testcase classname="tests.test_iteration_21.TestBundleIdRenameAuth" name="test_root_alive" time="0.288" /><testcase classname="tests.test_iteration_21.TestBundleIdRenameAuth" name="test_me_with_seeded_session" time="0.131" /><testcase classname="tests.test_iteration_21.TestRegression" name="test_settings_patch_idempotent" time="0.259" /><testcase classname="tests.test_iteration_21.TestBundleIdRenameAuth" name="test_apple_invalid_token_rejected" time="0.086" /><testcase classname="tests.test_iteration_21.TestBundleIdRenameAuth" name="test_apple_missing_body_422" time="0.116" /><testcase classname="tests.test_iteration_21.TestRegression" name="test_focus_sessions_today" time="0.114" /><testcase classname="tests.test_iteration_21.TestDeleteAccount" name="test_delete_requires_auth" time="0.107" /><testcase classname="tests.test_iteration_21.TestRegression" name="test_plants_current" time="0.082" /><testcase classname="tests.test_iteration_21.TestDeleteAccount" name="test_delete_wipes_everything" time="0.177" /><testcase classname="tests.test_iteration_21.TestRegression" name="test_streak_freezes_status" time="0.108" /><testcase classname="tests.test_iteration_21.TestRegression" name="test_goals_crud" time="0.317" /><testcase classname="tests.test_iteration_21.TestDeleteAccount" name="test_session_token_no_longer_works" time="0.099" /><testcase classname="tests.test_iteration_21.TestFriendRequestsBatching" name="test_send_request_between_seeded_users" time="0.315" /><testcase classname="tests.test_iteration_21.TestRegression" name="test_focus_break_endpoint" time="0.083" /><testcase classname="tests.test_iteration_21.TestFriendRequestsBatching" name="test_incoming_and_outgoing_have_correct_names" time="0.199" /><testcase classname="tests.test_iteration_21.TestFriendRequestsBatching" name="test_restore_friend_link" time="0.002" /></testsuite></testsuites>