<?xml version="1.0" encoding="utf-8"?><testsuites name="pytest tests"><testsuite name="pytest" errors="0" failures="0" skipped="0" tests="14" time="5.377" timestamp="2026-08-27T13:43:56.938706+00:00" hostname="agent-env-973a596d-1042-4c31-ad66-158b0db3bc8f"><testcase classname="tests.test_password_reset.TestResetPassword" name="test_correct_code_returns_new_session_and_no_hashed_password" time="0.552" /><testcase classname="tests.test_password_reset.TestForgotPassword" name="test_existing_email_creates_one_reset_row" time="0.847" /><testcase classname="tests.test_password_reset.TestResetPassword" name="test_old_password_no_longer_works_new_does" time="0.500" /><testcase classname="tests.test_password_reset.TestForgotPassword" name="test_unknown_email_returns_200_and_no_row" time="0.116" /><testcase classname="tests.test_password_reset.TestForgotPassword" name="test_response_message_identical_for_known_and_unknown" time="0.642" /><testcase classname="tests.test_password_reset.TestResetPassword" name="test_code_cannot_be_reused" time="0.412" /><testcase classname="tests.test_password_reset.TestResetPassword" name="test_previous_sessions_are_invalidated" time="0.542" /><testcase classname="tests.test_password_reset.TestForgotPassword" name="test_throttle_within_60s_does_not_create_new" time="0.680" /><testcase classname="tests.test_password_reset.TestResetPassword" name="test_wrong_code_increments_attempts_and_lockout_after_5" time="0.755" /><testcase classname="tests.test_password_reset.TestForgotPassword" name="test_delivered_at_resend_no_logged_error" time="2.581" /><testcase classname="tests.test_password_reset.TestResetPassword" name="test_expired_code_rejected" time="0.252" /><testcase classname="tests.test_password_reset.TestResetPassword" name="test_new_password_too_short_422" time="0.221" /><testcase classname="tests.test_password_reset.TestResetPassword" name="test_code_wrong_length_422" time="0.233" /><testcase classname="tests.test_password_reset.TestResetPassword" name="test_no_reset_row_for_email_returns_400" time="0.358" /></testsuite></testsuites>