<?xml version="1.0" encoding="utf-8"?><testsuites name="pytest tests"><testsuite name="pytest" errors="0" failures="0" skipped="0" tests="17" time="6.428" timestamp="2026-08-22T10:15:43.701088+00:00" hostname="agent-env-973a596d-1042-4c31-ad66-158b0db3bc8f"><testcase classname="tests.test_paypal.TestRegressionCoreEndpoints" name="test_plants_current" time="1.733" /><testcase classname="tests.test_paypal.TestPayPalAuthGuards" name="test_create_order_requires_auth" time="0.255" /><testcase classname="tests.test_paypal.TestPayPalAuthGuards" name="test_status_requires_auth" time="0.087" /><testcase classname="tests.test_paypal.TestPayPalAuthGuards" name="test_create_order_bad_token" time="0.217" /><testcase classname="tests.test_paypal.TestRegressionCoreEndpoints" name="test_goals_list" time="0.080" /><testcase classname="tests.test_paypal.TestRegressionCoreEndpoints" name="test_stats_regression" time="0.083" /><testcase classname="tests.test_paypal.TestRegressionCoreEndpoints" name="test_daily_quest" time="0.086" /><testcase classname="tests.test_paypal.TestPayPalStatus" name="test_status_for_created_order" time="1.496" /><testcase classname="tests.test_paypal.TestRegressionCoreEndpoints" name="test_weekly_recap" time="0.079" /><testcase classname="tests.test_paypal.TestPayPalStatus" name="test_status_unknown_order_returns_404" time="0.082" /><testcase classname="tests.test_paypal.TestPayPalReturn" name="test_return_missing_token_returns_error_html" time="0.096" /><testcase classname="tests.test_paypal.TestPayPalStatus" name="test_status_other_users_order_returns_404" time="0.070" /><testcase classname="tests.test_paypal.TestPayPalCancel" name="test_cancel_marks_payment_cancelled" time="0.185" /><testcase classname="tests.test_paypal.TestPayPalCancel" name="test_cancel_does_not_downgrade_completed" time="0.080" /><testcase classname="tests.test_paypal.TestPayPalReturn" name="test_return_unapproved_does_not_grant" time="3.428" /><testcase classname="tests.test_paypal.TestPayPalCreateOrder" name="test_order_shape_and_persisted" time="0.001" /><testcase classname="tests.test_paypal.TestStatsHasStreakFreezes" name="test_stats_exposes_streak_freezes" time="0.145" /></testsuite></testsuites>