<?xml version="1.0" encoding="utf-8"?><testsuites name="pytest tests"><testsuite name="pytest" errors="0" failures="0" skipped="0" tests="26" time="2.893" timestamp="2026-08-22T08:36:16.023377+00:00" hostname="agent-env-973a596d-1042-4c31-ad66-158b0db3bc8f"><testcase classname="tests.backend_test.TestAppleAuth" name="test_apple_invalid_token_returns_401" time="0.280" /><testcase classname="tests.backend_test.TestPlants" name="test_current_auto_creates" time="0.279" /><testcase classname="tests.backend_test.TestPlants" name="test_list_plants" time="0.128" /><testcase classname="tests.backend_test.TestAppleAuth" name="test_apple_random_string_returns_401" time="0.083" /><testcase classname="tests.backend_test.TestAppleAuth" name="test_apple_missing_identity_token_returns_422" time="0.180" /><testcase classname="tests.backend_test.TestPlants" name="test_create_new_plant_marks_previous_not_current" time="0.185" /><testcase classname="tests.backend_test.TestAppleAuth" name="test_apple_empty_body_returns_422" time="0.207" /><testcase classname="tests.backend_test.TestPlants" name="test_reset_plant" time="0.158" /><testcase classname="tests.backend_test.TestAppleAuth" name="test_apple_audiences_env_configured" time="0.000" /><testcase classname="tests.backend_test.TestPlants" name="test_xp_stage_mapping[0-seed]" time="0.196" /><testcase classname="tests.backend_test.TestHealthAndAuth" name="test_root" time="0.083" /><testcase classname="tests.backend_test.TestHealthAndAuth" name="test_session_invalid" time="0.348" /><testcase classname="tests.backend_test.TestPlants" name="test_xp_stage_mapping[75-sprout]" time="0.075" /><testcase classname="tests.backend_test.TestPlants" name="test_xp_stage_mapping[200-sapling]" time="0.098" /><testcase classname="tests.backend_test.TestPlants" name="test_xp_stage_mapping[400-bloom]" time="0.118" /><testcase classname="tests.backend_test.TestHealthAndAuth" name="test_me_missing_auth" time="0.117" /><testcase classname="tests.backend_test.TestUserIndexes" name="test_email_index_is_sparse_and_not_unique" time="0.001" /><testcase classname="tests.backend_test.TestUserIndexes" name="test_apple_sub_index_unique_and_sparse" time="0.001" /><testcase classname="tests.backend_test.TestUserIndexes" name="test_user_id_unique_index" time="0.001" /><testcase classname="tests.backend_test.TestFocusAndStats" name="test_focus_session_grants_xp" time="0.234" /><testcase classname="tests.backend_test.TestHealthAndAuth" name="test_me_valid" time="0.133" /><testcase classname="tests.backend_test.TestProtectedRegression" name="test_daily_quest" time="0.095" /><testcase classname="tests.backend_test.TestFocusAndStats" name="test_stats" time="0.124" /><testcase classname="tests.backend_test.TestProtectedRegression" name="test_weekly_recap" time="0.131" /><testcase classname="tests.backend_test.TestGoals" name="test_goals_full_flow" time="0.687" /><testcase classname="tests.backend_test.TestProtectedRegression" name="test_patch_plant_note" time="0.188" /></testsuite></testsuites>