<?xml version="1.0" encoding="utf-8"?><testsuites name="pytest tests"><testsuite name="pytest" errors="0" failures="0" skipped="0" tests="43" time="4.978" timestamp="2026-08-22T10:15:59.656898+00:00" hostname="agent-env-973a596d-1042-4c31-ad66-158b0db3bc8f"><testcase classname="tests.backend_test.TestAppleAuth" name="test_apple_invalid_token_returns_401" time="0.153" /><testcase classname="tests.backend_test.TestPlants" name="test_current_auto_creates" time="0.108" /><testcase classname="tests.backend_test.TestPlants" name="test_list_plants" time="0.079" /><testcase classname="tests.backend_test.TestAppleAuth" name="test_apple_random_string_returns_401" time="0.098" /><testcase classname="tests.backend_test.TestPlants" name="test_create_new_plant_marks_previous_not_current" time="0.115" /><testcase classname="tests.backend_test.TestAppleAuth" name="test_apple_missing_identity_token_returns_422" time="0.121" /><testcase classname="tests.backend_test.TestPlants" name="test_reset_plant" time="0.225" /><testcase classname="tests.backend_test.TestAppleAuth" name="test_apple_empty_body_returns_422" time="0.121" /><testcase classname="tests.backend_test.TestAppleAuth" name="test_apple_audiences_env_configured" time="0.000" /><testcase classname="tests.test_paypal.TestRegressionCoreEndpoints" name="test_plants_current" time="0.108" /><testcase classname="tests.backend_test.TestPlants" name="test_xp_stage_mapping[0-seed]" time="0.130" /><testcase classname="tests.test_paypal.TestRegressionCoreEndpoints" name="test_goals_list" time="0.071" /><testcase classname="tests.backend_test.TestPlants" name="test_xp_stage_mapping[75-sprout]" time="0.075" /><testcase classname="tests.test_paypal.TestRegressionCoreEndpoints" name="test_stats_regression" time="0.120" /><testcase classname="tests.backend_test.TestPlants" name="test_xp_stage_mapping[200-sapling]" time="0.091" /><testcase classname="tests.test_paypal.TestRegressionCoreEndpoints" name="test_daily_quest" time="0.072" /><testcase classname="tests.backend_test.TestPlants" name="test_xp_stage_mapping[400-bloom]" time="0.077" /><testcase classname="tests.test_paypal.TestRegressionCoreEndpoints" name="test_weekly_recap" time="0.071" /><testcase classname="tests.backend_test.TestHealthAndAuth" name="test_root" time="0.112" /><testcase classname="tests.backend_test.TestUserIndexes" name="test_email_index_is_sparse_and_not_unique" time="0.003" /><testcase classname="tests.backend_test.TestUserIndexes" name="test_apple_sub_index_unique_and_sparse" time="0.001" /><testcase classname="tests.backend_test.TestUserIndexes" name="test_user_id_unique_index" time="0.000" /><testcase classname="tests.backend_test.TestProtectedRegression" name="test_daily_quest" time="0.075" /><testcase classname="tests.backend_test.TestHealthAndAuth" name="test_session_invalid" time="0.276" /><testcase classname="tests.backend_test.TestProtectedRegression" name="test_weekly_recap" time="0.106" /><testcase classname="tests.backend_test.TestProtectedRegression" name="test_patch_plant_note" time="0.157" /><testcase classname="tests.test_paypal.TestPayPalAuthGuards" name="test_create_order_requires_auth" time="0.152" /><testcase classname="tests.backend_test.TestHealthAndAuth" name="test_me_missing_auth" time="0.077" /><testcase classname="tests.backend_test.TestHealthAndAuth" name="test_me_valid" time="0.073" /><testcase classname="tests.test_paypal.TestPayPalAuthGuards" name="test_status_requires_auth" time="0.078" /><testcase classname="tests.test_paypal.TestPayPalAuthGuards" name="test_create_order_bad_token" time="0.088" /><testcase classname="tests.backend_test.TestFocusAndStats" name="test_focus_session_grants_xp" time="0.175" /><testcase classname="tests.backend_test.TestFocusAndStats" name="test_stats" time="0.295" /><testcase classname="tests.test_paypal.TestPayPalReturn" name="test_return_missing_token_returns_error_html" time="0.093" /><testcase classname="tests.test_paypal.TestPayPalStatus" name="test_status_for_created_order" time="0.925" /><testcase classname="tests.test_paypal.TestPayPalStatus" name="test_status_unknown_order_returns_404" time="0.074" /><testcase classname="tests.test_paypal.TestPayPalStatus" name="test_status_other_users_order_returns_404" time="0.088" /><testcase classname="tests.backend_test.TestGoals" name="test_goals_full_flow" time="0.641" /><testcase classname="tests.test_paypal.TestPayPalReturn" name="test_return_unapproved_does_not_grant" time="1.965" /><testcase classname="tests.test_paypal.TestPayPalCreateOrder" name="test_order_shape_and_persisted" time="0.763" /><testcase classname="tests.test_paypal.TestStatsHasStreakFreezes" name="test_stats_exposes_streak_freezes" time="0.075" /><testcase classname="tests.test_paypal.TestPayPalCancel" name="test_cancel_marks_payment_cancelled" time="0.164" /><testcase classname="tests.test_paypal.TestPayPalCancel" name="test_cancel_does_not_downgrade_completed" time="0.074" /></testsuite></testsuites>