<?xml version="1.0" encoding="utf-8"?><testsuites name="pytest tests"><testsuite name="pytest" errors="0" failures="0" skipped="0" tests="12" time="1.675" timestamp="2026-08-25T10:49:26.165880+00:00" hostname="agent-env-973a596d-1042-4c31-ad66-158b0db3bc8f"><testcase classname="tests.test_revenuecat_migration.TestStreakFreezes" name="test_status_requires_auth" time="0.103" /><testcase classname="tests.test_revenuecat_migration.TestPaypalRemoved" name="test_paypal_routes_404[POST-/api/paypal/orders]" time="0.102" /><testcase classname="tests.test_revenuecat_migration.TestPaypalRemoved" name="test_paypal_routes_404[GET-/api/paypal/orders/anything/status]" time="0.077" /><testcase classname="tests.test_revenuecat_migration.TestStreakFreezes" name="test_claim_requires_auth" time="0.138" /><testcase classname="tests.test_revenuecat_migration.TestPaypalRemoved" name="test_paypal_routes_404[GET-/api/paypal/return]" time="0.130" /><testcase classname="tests.test_revenuecat_migration.TestStreakFreezes" name="test_status_initial_claimable" time="0.098" /><testcase classname="tests.test_revenuecat_migration.TestPaypalRemoved" name="test_paypal_routes_404[GET-/api/paypal/cancel]" time="0.097" /><testcase classname="tests.test_revenuecat_migration.TestStreakFreezes" name="test_claim_grants_once_then_blocks" time="0.317" /><testcase classname="tests.test_revenuecat_migration.TestPaypalRemoved" name="test_core_endpoints_still_work" time="0.294" /><testcase classname="tests.test_revenuecat_migration.TestReviveEndpoint" name="test_revive_requires_auth" time="0.088" /><testcase classname="tests.test_revenuecat_migration.TestReviveEndpoint" name="test_revive_404_when_no_dead_tree" time="0.080" /><testcase classname="tests.test_revenuecat_migration.TestReviveEndpoint" name="test_revive_dead_tree_returns_alive_serialized_plant" time="0.186" /></testsuite></testsuites>