<?xml version="1.0" encoding="utf-8"?><testsuites name="pytest tests"><testsuite name="pytest" errors="0" failures="0" skipped="0" tests="25" time="2.429" timestamp="2026-08-25T11:39:22.306937+00:00" hostname="agent-env-973a596d-1042-4c31-ad66-158b0db3bc8f"><testcase classname="tests.test_security_audit.TestRegression" name="test_auth_me" time="0.179" /><testcase classname="tests.test_security_audit.TestHardening" name="test_goal_empty_422" time="0.124" /><testcase classname="tests.test_security_audit.TestHardening" name="test_goal_too_long_422" time="0.111" /><testcase classname="tests.test_security_audit.TestRegression" name="test_plants_current" time="0.122" /><testcase classname="tests.test_security_audit.TestHardening" name="test_plant_name_too_long_422" time="0.080" /><testcase classname="tests.test_security_audit.TestRegression" name="test_goals_crud" time="0.316" /><testcase classname="tests.test_security_audit.TestHardening" name="test_cors_no_wildcard_for_evil_origin_app_level" time="0.002" /><testcase classname="tests.test_security_audit.TestHardening" name="test_cors_allows_preview_origin_app_level" time="0.002" /><testcase classname="tests.test_security_audit.TestHardening" name="test_no_stripe_import" time="0.000" /><testcase classname="tests.test_security_audit.TestPushRegistration" name="test_unauthenticated_401" time="0.085" /><testcase classname="tests.test_security_audit.TestPushRegistration" name="test_body_user_id_ignored_and_invalid_platform_400" time="0.101" /><testcase classname="tests.test_security_audit.TestPushRegistration" name="test_extra_user_id_not_forwarded_only_platform_devicetoken_accepted" time="0.272" /><testcase classname="tests.test_security_audit.TestRegression" name="test_daily_quest" time="0.067" /><testcase classname="tests.test_security_audit.TestRegression" name="test_focus_sessions_today" time="0.073" /><testcase classname="tests.test_security_audit.TestRegression" name="test_settings" time="0.161" /><testcase classname="tests.test_security_audit.TestAppleTakeover" name="test_apple_bad_token_with_existing_email_rejected" time="0.077" /><testcase classname="tests.test_security_audit.TestAppleTakeover" name="test_apple_empty_body_422" time="0.117" /><testcase classname="tests.test_security_audit.TestRegression" name="test_friends_me" time="0.087" /><testcase classname="tests.test_security_audit.TestFocusLimits" name="test_normal_session_ok" time="0.097" /><testcase classname="tests.test_security_audit.TestRegression" name="test_friends_requests" time="0.127" /><testcase classname="tests.test_security_audit.TestFocusLimits" name="test_30s_gap_enforced" time="0.141" /><testcase classname="tests.test_security_audit.TestRegression" name="test_friends_leaderboard" time="0.131" /><testcase classname="tests.test_security_audit.TestReviveLimits" name="test_revive_404_when_no_dead_tree_and_monthly_cap" time="0.533" /><testcase classname="tests.test_security_audit.TestRegression" name="test_streak_freezes_status_and_claim" time="0.157" /><testcase classname="tests.test_security_audit.TestRegression" name="test_plants_focus_break_when_alive" time="0.083" /></testsuite></testsuites>