<?xml version="1.0" encoding="utf-8"?><testsuites name="pytest tests"><testsuite name="pytest" errors="0" failures="0" skipped="0" tests="6" time="1.624" timestamp="2026-08-25T10:00:16.558263+00:00" hostname="agent-env-973a596d-1042-4c31-ad66-158b0db3bc8f"><testcase classname="tests.test_settings_strict_lock.TestStrictLockField" name="test_get_requires_auth" time="0.191" /><testcase classname="tests.test_settings_strict_lock.TestUiTestUserFinalState" name="test_restore_ui_test_user" time="0.147" /><testcase classname="tests.test_settings_strict_lock.TestStrictLockField" name="test_default_includes_strict_lock_true" time="0.119" /><testcase classname="tests.test_settings_strict_lock.TestStrictLockField" name="test_patch_strict_lock_false_persists" time="0.224" /><testcase classname="tests.test_settings_strict_lock.TestStrictLockField" name="test_patch_all_three_fields" time="0.111" /><testcase classname="tests.test_settings_strict_lock.TestStrictLockField" name="test_patch_invalid_strict_lock_type_422" time="0.178" /></testsuite></testsuites>