<?xml version="1.0" encoding="utf-8"?><testsuites name="pytest tests"><testsuite name="pytest" errors="0" failures="0" skipped="0" tests="9" time="1.537" timestamp="2026-08-25T07:24:40.007871+00:00" hostname="agent-env-973a596d-1042-4c31-ad66-158b0db3bc8f"><testcase classname="tests.test_settings.TestSettingsGet" name="test_requires_auth" time="0.143" /><testcase classname="tests.test_settings.TestSettingsPatch" name="test_requires_auth" time="0.103" /><testcase classname="tests.test_settings.TestSettingsPatch" name="test_invalid_body_type_returns_422" time="0.141" /><testcase classname="tests.test_settings.TestSettingsGet" name="test_default_values_true" time="0.082" /><testcase classname="tests.test_settings.TestSendPushOptOut" name="test_send_push_filters_opted_out" time="0.292" /><testcase classname="tests.test_settings.TestSettingsPatch" name="test_update_single_field_persists" time="0.192" /><testcase classname="tests.test_settings.TestSettingsPatch" name="test_update_both_fields" time="0.108" /><testcase classname="tests.test_settings.TestUiTestUserFinalState" name="test_reset_ui_test_user_settings" time="0.086" /><testcase classname="tests.test_settings.TestSettingsPatch" name="test_empty_body_no_change" time="0.171" /></testsuite></testsuites>