<?xml version="1.0" encoding="utf-8"?><testsuites name="pytest tests"><testsuite name="pytest" errors="0" failures="0" skipped="0" tests="8" time="0.984" timestamp="2026-08-25T11:48:49.859417+00:00" hostname="agent-env-973a596d-1042-4c31-ad66-158b0db3bc8f"><testcase classname="tests.test_sproutly_rename.TestRootRename" name="test_root_returns_sproutly_api" time="0.124" /><testcase classname="tests.test_sproutly_rename.TestFriendRequestPayloadCompat" name="test_accepts_new_sproutly_prefix" time="0.211" /><testcase classname="tests.test_sproutly_rename.TestFriendQRPayload" name="test_qr_payload_uses_sproutly_prefix" time="0.084" /><testcase classname="tests.test_sproutly_rename.TestFriendRequestPayloadCompat" name="test_accepts_legacy_sproutgoals_prefix" time="0.184" /><testcase classname="tests.test_sproutly_rename.TestLeaderboardStillWorks" name="test_leaderboard" time="0.137" /><testcase classname="tests.test_sproutly_rename.TestGardenReadable" name="test_current_plant" time="0.089" /><testcase classname="tests.test_sproutly_rename.TestFriendRequestPayloadCompat" name="test_accepts_bare_code" time="0.155" /><testcase classname="tests.test_sproutly_rename.TestFriendRequestPayloadCompat" name="test_rejects_invalid_code" time="0.086" /></testsuite></testsuites>